# JRE version: 7.0_21-b11
# Java VM: Java HotSpot(TM) Client VM (23.21-b01 mixed mode, sharing windows-x86 )
Heap
 def new generation   total 43456K, used 40248K [0x23ac0000, 0x269e0000, 0x29010000)
  eden space 38656K,  91% used [0x23ac0000, 0x25d5e058, 0x26080000)
  from space 4800K, 100% used [0x26530000, 0x269e0000, 0x269e0000)
  to   space 4800K,   0% used [0x26080000, 0x26080000, 0x26530000)
 tenured generation   total 96436K, used 80397K [0x29010000, 0x2ee3d000, 0x33ac0000)
   the space 96436K,  83% used [0x29010000, 0x2de936b8, 0x2de93800, 0x2ee3d000)
 compacting perm gen  total 12288K, used 2061K [0x33ac0000, 0x346c0000, 0x37ac0000)
   the space 12288K,  16% used [0x33ac0000, 0x33cc3640, 0x33cc3800, 0x346c0000)
    ro space 10240K,  42% used [0x37ac0000, 0x37f022a0, 0x37f02400, 0x384c0000)
    rw space 12288K,  54% used [0x384c0000, 0x38b43250, 0x38b43400, 0x390c0000)
GC Heap History (10 events):
Event: 1.561 GC heap before
{Heap before GC invocations=10 (full 2):
 def new generation   total 13312K, used 11840K [0x23ac0000, 0x24930000, 0x29010000)
  eden space 11840K, 100% used [0x23ac0000, 0x24650000, 0x24650000)
  from space 1472K,   0% used [0x24650000, 0x24650000, 0x247c0000)
  to   space 1472K,   0% used [0x247c0000, 0x247c0000, 0x24930000)
 tenured generation   total 29488K, used 17692K [0x29010000, 0x2acdc000, 0x33ac0000)
   the space 29488K,  59% used [0x29010000, 0x2a1570d8, 0x2a157200, 0x2acdc000)
 compacting perm gen  total 12288K, used 2062K [0x33ac0000, 0x346c0000, 0x37ac0000)
   the space 12288K,  16% used [0x33ac0000, 0x33cc3880, 0x33cc3a00, 0x346c0000)
    ro space 10240K,  42% used [0x37ac0000, 0x37f022a0, 0x37f02400, 0x384c0000)
    rw space 12288K,  54% used [0x384c0000, 0x38b43250, 0x38b43400, 0x390c0000)
Event: 1.597 GC heap after
Heap after GC invocations=11 (full 2):
 def new generation   total 13312K, used 1472K [0x23ac0000, 0x24930000, 0x29010000)
  eden space 11840K,   0% used [0x23ac0000, 0x23ac0000, 0x24650000)
  from space 1472K, 100% used [0x247c0000, 0x24930000, 0x24930000)
  to   space 1472K,   0% used [0x24650000, 0x24650000, 0x247c0000)
 tenured generation   total 29488K, used 24313K [0x29010000, 0x2acdc000, 0x33ac0000)
   the space 29488K,  82% used [0x29010000, 0x2a7ce5b0, 0x2a7ce600, 0x2acdc000)
 compacting perm gen  total 12288K, used 2062K [0x33ac0000, 0x346c0000, 0x37ac0000)
   the space 12288K,  16% used [0x33ac0000, 0x33cc3880, 0x33cc3a00, 0x346c0000)
    ro space 10240K,  42% used [0x37ac0000, 0x37f022a0, 0x37f02400, 0x384c0000)
    rw space 12288K,  54% used [0x384c0000, 0x38b43250, 0x38b43400, 0x390c0000)
}
Event: 1.725 GC heap before
{Heap before GC invocations=11 (full 2):
 def new generation   total 13312K, used 13312K [0x23ac0000, 0x24930000, 0x29010000)
  eden space 11840K, 100% used [0x23ac0000, 0x24650000, 0x24650000)
  from space 1472K, 100% used [0x247c0000, 0x24930000, 0x24930000)
  to   space 1472K,   0% used [0x24650000, 0x24650000, 0x247c0000)
 tenured generation   total 29488K, used 24313K [0x29010000, 0x2acdc000, 0x33ac0000)
   the space 29488K,  82% used [0x29010000, 0x2a7ce5b0, 0x2a7ce600, 0x2acdc000)
 compacting perm gen  total 12288K, used 2062K [0x33ac0000, 0x346c0000, 0x37ac0000)
   the space 12288K,  16% used [0x33ac0000, 0x33cc3880, 0x33cc3a00, 0x346c0000)
    ro space 10240K,  42% used [0x37ac0000, 0x37f022a0, 0x37f02400, 0x384c0000)
    rw space 12288K,  54% used [0x384c0000, 0x38b43250, 0x38b43400, 0x390c0000)
Event: 1.910 GC heap after
Heap after GC invocations=12 (full 3):
 def new generation   total 24000K, used 618K [0x23ac0000, 0x254c0000, 0x29010000)
  eden space 21376K,   2% used [0x23ac0000, 0x23b5aa90, 0x24fa0000)
  from space 2624K,   0% used [0x24fa0000, 0x24fa0000, 0x25230000)
  to   space 2624K,   0% used [0x25230000, 0x25230000, 0x254c0000)
 tenured generation   total 53200K, used 31919K [0x29010000, 0x2c404000, 0x33ac0000)
   the space 53200K,  59% used [0x29010000, 0x2af3bff8, 0x2af3c000, 0x2c404000)
 compacting perm gen  total 12288K, used 2062K [0x33ac0000, 0x346c0000, 0x37ac0000)
   the space 12288K,  16% used [0x33ac0000, 0x33cc3880, 0x33cc3a00, 0x346c0000)
    ro space 10240K,  42% used [0x37ac0000, 0x37f022a0, 0x37f02400, 0x384c0000)
    rw space 12288K,  54% used [0x384c0000, 0x38b43250, 0x38b43400, 0x390c0000)
}
Event: 2.126 GC heap before
{Heap before GC invocations=12 (full 3):
 def new generation   total 24000K, used 21376K [0x23ac0000, 0x254c0000, 0x29010000)
  eden space 21376K, 100% used [0x23ac0000, 0x24fa0000, 0x24fa0000)
  from space 2624K,   0% used [0x24fa0000, 0x24fa0000, 0x25230000)
  to   space 2624K,   0% used [0x25230000, 0x25230000, 0x254c0000)
 tenured generation   total 53200K, used 31919K [0x29010000, 0x2c404000, 0x33ac0000)
   the space 53200K,  59% used [0x29010000, 0x2af3bff8, 0x2af3c000, 0x2c404000)
 compacting perm gen  total 12288K, used 2062K [0x33ac0000, 0x346c0000, 0x37ac0000)
   the space 12288K,  16% used [0x33ac0000, 0x33cc3880, 0x33cc3a00, 0x346c0000)
    ro space 10240K,  42% used [0x37ac0000, 0x37f022a0, 0x37f02400, 0x384c0000)
    rw space 12288K,  54% used [0x384c0000, 0x38b43250, 0x38b43400, 0x390c0000)
Event: 2.221 GC heap after
Heap after GC invocations=13 (full 3):
 def new generation   total 24000K, used 2623K [0x23ac0000, 0x254c0000, 0x29010000)
  eden space 21376K,   0% used [0x23ac0000, 0x23ac0000, 0x24fa0000)
  from space 2624K,  99% used [0x25230000, 0x254bfff8, 0x254c0000)
  to   space 2624K,   0% used [0x24fa0000, 0x24fa0000, 0x25230000)
 tenured generation   total 53200K, used 44489K [0x29010000, 0x2c404000, 0x33ac0000)
   the space 53200K,  83% used [0x29010000, 0x2bb826b0, 0x2bb82800, 0x2c404000)
 compacting perm gen  total 12288K, used 2062K [0x33ac0000, 0x346c0000, 0x37ac0000)
   the space 12288K,  16% used [0x33ac0000, 0x33cc3880, 0x33cc3a00, 0x346c0000)
    ro space 10240K,  42% used [0x37ac0000, 0x37f022a0, 0x37f02400, 0x384c0000)
    rw space 12288K,  54% used [0x384c0000, 0x38b43250, 0x38b43400, 0x390c0000)
}
Event: 2.471 GC heap before
{Heap before GC invocations=13 (full 3):
 def new generation   total 24000K, used 23999K [0x23ac0000, 0x254c0000, 0x29010000)
  eden space 21376K, 100% used [0x23ac0000, 0x24fa0000, 0x24fa0000)
  from space 2624K,  99% used [0x25230000, 0x254bfff8, 0x254c0000)
  to   space 2624K,   0% used [0x24fa0000, 0x24fa0000, 0x25230000)
 tenured generation   total 53200K, used 44489K [0x29010000, 0x2c404000, 0x33ac0000)
   the space 53200K,  83% used [0x29010000, 0x2bb826b0, 0x2bb82800, 0x2c404000)
 compacting perm gen  total 12288K, used 2062K [0x33ac0000, 0x346c0000, 0x37ac0000)
   the space 12288K,  16% used [0x33ac0000, 0x33cc3880, 0x33cc3a00, 0x346c0000)
    ro space 10240K,  42% used [0x37ac0000, 0x37f022a0, 0x37f02400, 0x384c0000)
    rw space 12288K,  54% used [0x384c0000, 0x38b43250, 0x38b43400, 0x390c0000)
Event: 2.842 GC heap after
Heap after GC invocations=14 (full 4):
 def new generation   total 43456K, used 0K [0x23ac0000, 0x269e0000, 0x29010000)
  eden space 38656K,   0% used [0x23ac0000, 0x23ac0000, 0x26080000)
  from space 4800K,   0% used [0x26080000, 0x26080000, 0x26530000)
  to   space 4800K,   0% used [0x26530000, 0x26530000, 0x269e0000)
 tenured generation   total 96436K, used 57859K [0x29010000, 0x2ee3d000, 0x33ac0000)
   the space 96436K,  59% used [0x29010000, 0x2c890e40, 0x2c891000, 0x2ee3d000)
 compacting perm gen  total 12288K, used 2061K [0x33ac0000, 0x346c0000, 0x37ac0000)
   the space 12288K,  16% used [0x33ac0000, 0x33cc3640, 0x33cc3800, 0x346c0000)
    ro space 10240K,  42% used [0x37ac0000, 0x37f022a0, 0x37f02400, 0x384c0000)
    rw space 12288K,  54% used [0x384c0000, 0x38b43250, 0x38b43400, 0x390c0000)
}
Event: 3.224 GC heap before
{Heap before GC invocations=14 (full 4):
 def new generation   total 43456K, used 38656K [0x23ac0000, 0x269e0000, 0x29010000)
  eden space 38656K, 100% used [0x23ac0000, 0x26080000, 0x26080000)
  from space 4800K,   0% used [0x26080000, 0x26080000, 0x26530000)
  to   space 4800K,   0% used [0x26530000, 0x26530000, 0x269e0000)
 tenured generation   total 96436K, used 57859K [0x29010000, 0x2ee3d000, 0x33ac0000)
   the space 96436K,  59% used [0x29010000, 0x2c890e40, 0x2c891000, 0x2ee3d000)
 compacting perm gen  total 12288K, used 2061K [0x33ac0000, 0x346c0000, 0x37ac0000)
   the space 12288K,  16% used [0x33ac0000, 0x33cc3640, 0x33cc3800, 0x346c0000)
    ro space 10240K,  42% used [0x37ac0000, 0x37f022a0, 0x37f02400, 0x384c0000)
    rw space 12288K,  54% used [0x384c0000, 0x38b43250, 0x38b43400, 0x390c0000)
Event: 3.356 GC heap after
Heap after GC invocations=15 (full 4):
 def new generation   total 43456K, used 4800K [0x23ac0000, 0x269e0000, 0x29010000)
  eden space 38656K,   0% used [0x23ac0000, 0x23ac0000, 0x26080000)
  from space 4800K, 100% used [0x26530000, 0x269e0000, 0x269e0000)
  to   space 4800K,   0% used [0x26080000, 0x26080000, 0x26530000)
 tenured generation   total 96436K, used 80397K [0x29010000, 0x2ee3d000, 0x33ac0000)
   the space 96436K,  83% used [0x29010000, 0x2de936b8, 0x2de93800, 0x2ee3d000)
 compacting perm gen  total 12288K, used 2061K [0x33ac0000, 0x346c0000, 0x37ac0000)
   the space 12288K,  16% used [0x33ac0000, 0x33cc3640, 0x33cc3800, 0x346c0000)
    ro space 10240K,  42% used [0x37ac0000, 0x37f022a0, 0x37f02400, 0x384c0000)
    rw space 12288K,  54% used [0x384c0000, 0x38b43250, 0x38b43400, 0x390c0000)
}

